[2022-02-06 17:08:46,531] INFO  [gateway] c.j.a.ApiGatewayApplication.logStarting [main] Starting ApiGatewayApplication using Java 11.0.12 on DESKTOP-9HO26DN with PID 147704 (D:\workspace\Projects\software_architecture\microservices\api_gateway\target\classes started by Hamed in D:\workspace\Projects\software_architecture\microservices\api_gateway)
[2022-02-06 17:08:46,531] INFO  [gateway] c.j.a.ApiGatewayApplication.logStartupProfileInfo [main] The following profiles are active: prod
[2022-02-06 17:19:39,504] INFO  [gateway] c.j.a.ApiGatewayApplication.logStarting [main] Starting ApiGatewayApplication using Java 11.0.12 on DESKTOP-9HO26DN with PID 157088 (D:\workspace\Projects\software_architecture\microservices\api_gateway\target\classes started by Hamed in D:\workspace\Projects\software_architecture\microservices\api_gateway)
[2022-02-06 17:19:39,504] INFO  [gateway] c.j.a.ApiGatewayApplication.logStartupProfileInfo [main] The following profiles are active: prod
[2022-02-06 17:20:13,583] INFO  [gateway] c.j.a.ApiGatewayApplication.logStarting [main] Starting ApiGatewayApplication using Java 11.0.12 on DESKTOP-9HO26DN with PID 159696 (D:\workspace\Projects\software_architecture\microservices\api_gateway\target\classes started by Hamed in D:\workspace\Projects\software_architecture\microservices\api_gateway)
[2022-02-06 17:20:13,583] INFO  [gateway] c.j.a.ApiGatewayApplication.logStartupProfileInfo [main] The following profiles are active: dev
[2022-02-06 17:20:23,187] INFO  [gateway] c.j.a.ApiGatewayApplication.logStarted [main] Started ApiGatewayApplication in 11.608 seconds (JVM running for 12.801)
[2022-02-06 17:21:23,604] INFO  [gateway] c.j.a.ApiGatewayApplication.logStarting [main] Starting ApiGatewayApplication using Java 11.0.12 on DESKTOP-9HO26DN with PID 155948 (D:\workspace\Projects\software_architecture\microservices\api_gateway\target\classes started by Hamed in D:\workspace\Projects\software_architecture\microservices\api_gateway)
[2022-02-06 17:21:23,604] INFO  [gateway] c.j.a.ApiGatewayApplication.logStartupProfileInfo [main] The following profiles are active: dev
[2022-02-06 17:21:33,758] INFO  [gateway] c.j.a.ApiGatewayApplication.logStarted [main] Started ApiGatewayApplication in 12.199 seconds (JVM running for 13.344)
[2022-02-06 17:27:52,473] INFO  [gateway] c.j.a.ApiGatewayApplication.logStarting [main] Starting ApiGatewayApplication using Java 11.0.12 on DESKTOP-9HO26DN with PID 161700 (D:\workspace\Projects\software_architecture\microservices\api_gateway\target\classes started by Hamed in D:\workspace\Projects\software_architecture\microservices\api_gateway)
[2022-02-06 17:27:52,473] INFO  [gateway] c.j.a.ApiGatewayApplication.logStartupProfileInfo [main] The following profiles are active: dev
[2022-02-06 17:28:02,272] INFO  [gateway] c.j.a.ApiGatewayApplication.logStarted [main] Started ApiGatewayApplication in 11.844 seconds (JVM running for 12.817)
[2022-02-06 17:29:47,484] INFO  [gateway] c.j.a.ApiGatewayApplication.logStarting [main] Starting ApiGatewayApplication using Java 11.0.12 on DESKTOP-9HO26DN with PID 154816 (D:\workspace\Projects\software_architecture\microservices\api_gateway\target\classes started by Hamed in D:\workspace\Projects\software_architecture\microservices\api_gateway)
[2022-02-06 17:29:47,487] INFO  [gateway] c.j.a.ApiGatewayApplication.logStartupProfileInfo [main] The following profiles are active: dev
[2022-02-06 17:29:57,355] INFO  [gateway] c.j.a.ApiGatewayApplication.logStarted [main] Started ApiGatewayApplication in 11.922 seconds (JVM running for 13.006)
[2022-02-06 17:32:33,864] INFO  [gateway] c.j.a.c.SellerGatewayController.getSellerInfo [reactor-http-nio-3] [(flowStart:SellersInfo)] [(uid:98bc0b16-3f5f-46f1-a63d-dd53b22cc5fb)]
[2022-02-06 17:36:35,095] INFO  [gateway] c.j.a.ApiGatewayApplication.logStarting [main] Starting ApiGatewayApplication using Java 11.0.12 on DESKTOP-9HO26DN with PID 154632 (D:\workspace\Projects\software_architecture\microservices\api_gateway\target\classes started by Hamed in D:\workspace\Projects\software_architecture\microservices\api_gateway)
[2022-02-06 17:36:35,111] INFO  [gateway] c.j.a.ApiGatewayApplication.logStartupProfileInfo [main] The following profiles are active: dev
[2022-02-06 17:36:50,490] INFO  [gateway] c.j.a.ApiGatewayApplication.logStarted [main] Started ApiGatewayApplication in 19.427 seconds (JVM running for 24.27)
[2022-02-06 17:58:23,559] INFO  [gateway] c.j.a.ApiGatewayApplication.logStarting [main] Starting ApiGatewayApplication using Java 11.0.12 on DESKTOP-9HO26DN with PID 160116 (D:\workspace\Projects\software_architecture\microservices\api_gateway\target\classes started by Hamed in D:\workspace\Projects\software_architecture\microservices\api_gateway)
[2022-02-06 17:58:23,562] INFO  [gateway] c.j.a.ApiGatewayApplication.logStartupProfileInfo [main] The following profiles are active: dev
[2022-02-06 17:58:33,113] INFO  [gateway] c.j.a.ApiGatewayApplication.logStarted [main] Started ApiGatewayApplication in 11.515 seconds (JVM running for 12.561)
